[debug] [2025-07-03T11:34:49.366Z] ----------------------------------------------------------------------
[debug] [2025-07-03T11:34:49.369Z] Command:       C:\Program Files\nodejs\node.exe C:\Users\liang\AppData\Roaming\npm\node_modules\firebase-tools\lib\bin\firebase.js deploy
[debug] [2025-07-03T11:34:49.370Z] CLI Version:   14.9.0
[debug] [2025-07-03T11:34:49.370Z] Platform:      win32
[debug] [2025-07-03T11:34:49.370Z] Node Version:  v20.16.0
[debug] [2025-07-03T11:34:49.370Z] Time:          Thu Jul 03 2025 17:04:49 GMT+0530 (India Standard Time)
[debug] [2025-07-03T11:34:49.371Z] ----------------------------------------------------------------------
[debug] 
[debug] [2025-07-03T11:34:49.688Z] > command requires scopes: ["email","openid","https://www.googleapis.com/auth/cloudplatformprojects.readonly","https://www.googleapis.com/auth/firebase","https://www.googleapis.com/auth/cloud-platform"]
[debug] [2025-07-03T11:34:49.688Z] > authorizing via signed-in user (enoch.liangtuang@gmail.com)
[debug] [2025-07-03T11:34:49.688Z] [iam] checking project medicaldevine-bbf29 for permissions ["firebase.projects.get","firebasehosting.sites.update"]
[debug] [2025-07-03T11:34:49.690Z] Checked if tokens are valid: true, expires at: 1751545746420
[debug] [2025-07-03T11:34:49.690Z] Checked if tokens are valid: true, expires at: 1751545746420
[debug] [2025-07-03T11:34:49.692Z] >>> [apiv2][query] POST https://cloudresourcemanager.googleapis.com/v1/projects/medicaldevine-bbf29:testIamPermissions [none]
[debug] [2025-07-03T11:34:49.692Z] >>> [apiv2][(partial)header] POST https://cloudresourcemanager.googleapis.com/v1/projects/medicaldevine-bbf29:testIamPermissions x-goog-quota-user=projects/medicaldevine-bbf29
[debug] [2025-07-03T11:34:49.692Z] >>> [apiv2][body] POST https://cloudresourcemanager.googleapis.com/v1/projects/medicaldevine-bbf29:testIamPermissions {"permissions":["firebase.projects.get","firebasehosting.sites.update"]}
[debug] [2025-07-03T11:34:51.202Z] <<< [apiv2][status] POST https://cloudresourcemanager.googleapis.com/v1/projects/medicaldevine-bbf29:testIamPermissions 200
[debug] [2025-07-03T11:34:51.202Z] <<< [apiv2][body] POST https://cloudresourcemanager.googleapis.com/v1/projects/medicaldevine-bbf29:testIamPermissions {"permissions":["firebase.projects.get","firebasehosting.sites.update"]}
[debug] [2025-07-03T11:34:51.204Z] Checked if tokens are valid: true, expires at: 1751545746420
[debug] [2025-07-03T11:34:51.205Z] Checked if tokens are valid: true, expires at: 1751545746420
[debug] [2025-07-03T11:34:51.205Z] >>> [apiv2][query] GET https://firebase.googleapis.com/v1beta1/projects/medicaldevine-bbf29 [none]
[debug] [2025-07-03T11:34:51.592Z] <<< [apiv2][status] GET https://firebase.googleapis.com/v1beta1/projects/medicaldevine-bbf29 200
[debug] [2025-07-03T11:34:51.593Z] <<< [apiv2][body] GET https://firebase.googleapis.com/v1beta1/projects/medicaldevine-bbf29 {"projectId":"medicaldevine-bbf29","projectNumber":"308923129316","displayName":"medicaldevine","name":"projects/medicaldevine-bbf29","resources":{"hostingSite":"medicaldevine-bbf29"},"state":"ACTIVE","etag":"1_9b3186a5-c254-4b07-b687-c0ad5f046e05"}
[info] 
[info] === Deploying to 'medicaldevine-bbf29'...
[info] 
[info] i  deploying hosting 
[debug] [2025-07-03T11:34:51.640Z] Checked if tokens are valid: true, expires at: 1751545746420
[debug] [2025-07-03T11:34:51.641Z] Checked if tokens are valid: true, expires at: 1751545746420
[debug] [2025-07-03T11:34:51.642Z] >>> [apiv2][query] POST https://firebasehosting.googleapis.com/v1beta1/projects/-/sites/medicaldevine-bbf29/versions [none]
[debug] [2025-07-03T11:34:51.642Z] >>> [apiv2][body] POST https://firebasehosting.googleapis.com/v1beta1/projects/-/sites/medicaldevine-bbf29/versions {"status":"CREATED","labels":{"deployment-tool":"cli-firebase"}}
[debug] [2025-07-03T11:34:53.136Z] <<< [apiv2][status] POST https://firebasehosting.googleapis.com/v1beta1/projects/-/sites/medicaldevine-bbf29/versions 500
[debug] [2025-07-03T11:34:53.137Z] <<< [apiv2][body] POST https://firebasehosting.googleapis.com/v1beta1/projects/-/sites/medicaldevine-bbf29/versions {"error":{"code":500,"message":"Internal error encountered.","status":"INTERNAL"}}
[error] 
[error] Error: Request to https://firebasehosting.googleapis.com/v1beta1/projects/-/sites/medicaldevine-bbf29/versions had HTTP Error: 500, Internal error encountered.
[debug] [2025-07-03T11:34:53.235Z] Error Context: {
  "body": {
    "error": {
      "code": 500,
      "message": "Internal error encountered.",
      "status": "INTERNAL"
    }
  },
  "response": {
    "statusCode": 500
  }
}
